0 info it worked if it ends with ok
1 verbose cli [ '/usr/local/bin/node',
1 verbose cli   '/usr/local/bin/npm',
1 verbose cli   'install',
1 verbose cli   '-g',
1 verbose cli   'nyc' ]
2 info using npm@6.9.0
3 info using node@v10.16.3
4 verbose npm-session c88bdfcbe416c8ef
5 silly install loadCurrentTree
6 silly install readGlobalPackageData
7 http fetch GET 200 https://registry.npmjs.org/nyc 303ms
8 silly pacote tag manifest for nyc@latest fetched in 353ms
9 timing stage:loadCurrentTree Completed in 371ms
10 silly install loadIdealTree
11 silly install cloneCurrentTreeToIdealTree
12 timing stage:loadIdealTree:cloneCurrentTree Completed in 0ms
13 silly install loadShrinkwrap
14 timing stage:loadIdealTree:loadShrinkwrap Completed in 1ms
15 silly install loadAllDepsIntoIdealTree
16 silly resolveWithNewModule nyc@14.1.1 checking installable status
17 http fetch GET 200 https://registry.npmjs.org/archy 82ms
18 silly pacote range manifest for archy@^1.0.0 fetched in 88ms
19 silly resolveWithNewModule archy@1.0.0 checking installable status
20 http fetch GET 200 https://registry.npmjs.org/istanbul-lib-instrument 65ms
21 silly pacote range manifest for istanbul-lib-instrument@^3.3.0 fetched in 69ms
22 silly resolveWithNewModule istanbul-lib-instrument@3.3.0 checking installable status
23 http fetch GET 200 https://registry.npmjs.org/convert-source-map 189ms
24 http fetch GET 200 https://registry.npmjs.org/foreground-child 191ms
25 http fetch GET 200 https://registry.npmjs.org/istanbul-lib-coverage 191ms
26 http fetch GET 200 https://registry.npmjs.org/istanbul-lib-hook 193ms
27 http fetch GET 200 https://registry.npmjs.org/caching-transform 199ms
28 http fetch GET 200 https://registry.npmjs.org/find-cache-dir 197ms
29 http fetch GET 200 https://registry.npmjs.org/cp-file 202ms
30 silly pacote range manifest for convert-source-map@^1.6.0 fetched in 205ms
31 silly resolveWithNewModule convert-source-map@1.7.0 checking installable status
32 silly pacote range manifest for find-cache-dir@^2.1.0 fetched in 207ms
33 silly resolveWithNewModule find-cache-dir@2.1.0 checking installable status
34 silly pacote range manifest for istanbul-lib-hook@^2.0.7 fetched in 204ms
35 silly resolveWithNewModule istanbul-lib-hook@2.0.7 checking installable status
36 silly pacote range manifest for istanbul-lib-coverage@^2.0.5 fetched in 206ms
37 silly resolveWithNewModule istanbul-lib-coverage@2.0.5 checking installable status
38 silly pacote range manifest for caching-transform@^3.0.2 fetched in 212ms
39 silly resolveWithNewModule caching-transform@3.0.2 checking installable status
40 silly pacote range manifest for cp-file@^6.2.0 fetched in 213ms
41 silly resolveWithNewModule cp-file@6.2.0 checking installable status
42 http fetch GET 200 https://registry.npmjs.org/istanbul-lib-report 71ms
43 http fetch GET 304 https://registry.npmjs.org/find-up 226ms (from cache)
44 silly pacote range manifest for istanbul-lib-report@^2.0.8 fetched in 79ms
45 silly resolveWithNewModule istanbul-lib-report@2.0.8 checking installable status
46 silly pacote range manifest for find-up@^3.0.0 fetched in 232ms
47 silly resolveWithNewModule find-up@3.0.0 checking installable status
48 http fetch GET 200 https://registry.npmjs.org/foreground-child/-/foreground-child-1.5.6.tgz 77ms
49 http fetch GET 200 https://registry.npmjs.org/istanbul-lib-source-maps 70ms
50 http fetch GET 304 https://registry.npmjs.org/glob 276ms (from cache)
51 http fetch GET 200 https://registry.npmjs.org/istanbul-reports 73ms
52 http fetch GET 200 https://registry.npmjs.org/make-dir 74ms
53 http fetch GET 200 https://registry.npmjs.org/resolve-from 71ms
54 silly pacote range manifest for foreground-child@^1.5.6 fetched in 285ms
55 silly resolveWithNewModule foreground-child@1.5.6 checking installable status
56 http fetch GET 200 https://registry.npmjs.org/merge-source-map 77ms
57 silly pacote range manifest for istanbul-lib-source-maps@^3.0.6 fetched in 86ms
58 silly resolveWithNewModule istanbul-lib-source-maps@3.0.6 checking installable status
59 silly pacote range manifest for glob@^7.1.3 fetched in 298ms
60 silly resolveWithNewModule glob@7.1.6 checking installable status
61 silly pacote range manifest for istanbul-reports@^2.2.4 fetched in 94ms
62 silly resolveWithNewModule istanbul-reports@2.2.6 checking installable status
63 silly pacote range manifest for make-dir@^2.1.0 fetched in 94ms
64 silly resolveWithNewModule make-dir@2.1.0 checking installable status
65 silly pacote range manifest for merge-source-map@^1.1.0 fetched in 94ms
66 silly resolveWithNewModule merge-source-map@1.1.0 checking installable status
67 http fetch GET 200 https://registry.npmjs.org/rimraf 73ms
68 http fetch GET 200 https://registry.npmjs.org/signal-exit 73ms
69 silly pacote range manifest for rimraf@^2.6.3 fetched in 78ms
70 silly resolveWithNewModule rimraf@2.7.1 checking installable status
71 silly pacote range manifest for signal-exit@^3.0.2 fetched in 77ms
72 silly resolveWithNewModule signal-exit@3.0.2 checking installable status
73 http fetch GET 200 https://registry.npmjs.org/spawn-wrap 90ms
74 http fetch GET 200 https://registry.npmjs.org/resolve-from/-/resolve-from-4.0.0.tgz 95ms
75 http fetch GET 200 https://registry.npmjs.org/uuid 80ms
76 http fetch GET 200 https://registry.npmjs.org/test-exclude 92ms
77 http fetch GET 200 https://registry.npmjs.org/yargs 85ms
78 http fetch GET 304 https://registry.npmjs.org/js-yaml 183ms (from cache)
79 silly pacote range manifest for resolve-from@^4.0.0 fetched in 181ms
80 silly resolveWithNewModule resolve-from@4.0.0 checking installable status
81 silly pacote range manifest for spawn-wrap@^1.4.2 fetched in 106ms
82 silly resolveWithNewModule spawn-wrap@1.4.3 checking installable status
83 silly pacote range manifest for uuid@^3.3.2 fetched in 94ms
84 silly resolveWithNewModule uuid@3.3.3 checking installable status
85 silly pacote range manifest for test-exclude@^5.2.3 fetched in 105ms
86 silly resolveWithNewModule test-exclude@5.2.3 checking installable status
87 silly pacote range manifest for yargs@^13.2.2 fetched in 96ms
88 silly resolveWithNewModule yargs@13.3.0 checking installable status
89 silly pacote range manifest for js-yaml@^3.13.1 fetched in 191ms
90 silly resolveWithNewModule js-yaml@3.13.1 checking installable status
91 http fetch GET 304 https://registry.npmjs.org/yargs-parser 133ms (from cache)
92 silly pacote range manifest for yargs-parser@^13.0.0 fetched in 136ms
93 silly resolveWithNewModule yargs-parser@13.1.1 checking installable status
94 http fetch GET 200 https://registry.npmjs.org/hasha 60ms
95 http fetch GET 200 https://registry.npmjs.org/write-file-atomic 62ms
96 http fetch GET 200 https://registry.npmjs.org/package-hash 66ms
97 silly pacote range manifest for write-file-atomic@^2.4.2 fetched in 67ms
98 silly resolveWithNewModule write-file-atomic@2.4.3 checking installable status
99 silly pacote range manifest for package-hash@^3.0.0 fetched in 69ms
100 silly resolveWithNewModule package-hash@3.0.0 checking installable status
101 http fetch GET 200 https://registry.npmjs.org/hasha/-/hasha-3.0.0.tgz 82ms
102 silly pacote range manifest for hasha@^3.0.0 fetched in 147ms
103 silly resolveWithNewModule hasha@3.0.0 checking installable status
104 http fetch GET 200 https://registry.npmjs.org/is-stream 61ms
105 http fetch GET 200 https://registry.npmjs.org/is-stream/-/is-stream-1.1.0.tgz 62ms
106 silly pacote range manifest for is-stream@^1.0.1 fetched in 127ms
107 silly resolveWithNewModule is-stream@1.1.0 checking installable status
108 http fetch GET 200 https://registry.npmjs.org/pify 64ms
109 silly pacote range manifest for pify@^4.0.1 fetched in 67ms
110 silly resolveWithNewModule pify@4.0.1 checking installable status
111 http fetch GET 304 https://registry.npmjs.org/semver 106ms (from cache)
112 silly pacote range manifest for semver@^5.6.0 fetched in 111ms
113 silly resolveWithNewModule semver@5.7.1 checking installable status
114 http fetch GET 200 https://registry.npmjs.org/graceful-fs 67ms
115 http fetch GET 200 https://registry.npmjs.org/lodash.flattendeep 69ms
116 http fetch GET 200 https://registry.npmjs.org/release-zalgo 69ms
117 silly pacote range manifest for graceful-fs@^4.1.15 fetched in 73ms
118 silly resolveWithNewModule graceful-fs@4.2.3 checking installable status
119 silly pacote range manifest for lodash.flattendeep@^4.4.0 fetched in 74ms
120 silly resolveWithNewModule lodash.flattendeep@4.4.0 checking installable status
121 silly pacote range manifest for release-zalgo@^1.0.0 fetched in 74ms
122 silly resolveWithNewModule release-zalgo@1.0.0 checking installable status
123 http fetch GET 200 https://registry.npmjs.org/es6-error 58ms
124 silly pacote range manifest for es6-error@^4.0.1 fetched in 62ms
125 silly resolveWithNewModule es6-error@4.1.1 checking installable status
126 http fetch GET 200 https://registry.npmjs.org/imurmurhash 64ms
127 silly pacote range manifest for imurmurhash@^0.1.4 fetched in 66ms
128 silly resolveWithNewModule imurmurhash@0.1.4 checking installable status
129 http fetch GET 200 https://registry.npmjs.org/safe-buffer 61ms
130 silly pacote range manifest for safe-buffer@~5.1.1 fetched in 64ms
131 silly resolveWithNewModule safe-buffer@5.1.2 checking installable status
132 http fetch GET 200 https://registry.npmjs.org/nested-error-stacks 57ms
133 silly pacote range manifest for nested-error-stacks@^2.0.0 fetched in 60ms
134 silly resolveWithNewModule nested-error-stacks@2.1.0 checking installable status
135 http fetch GET 200 https://registry.npmjs.org/commondir 64ms
136 http fetch GET 200 https://registry.npmjs.org/pkg-dir 63ms
137 silly pacote range manifest for commondir@^1.0.1 fetched in 68ms
138 silly resolveWithNewModule commondir@1.0.1 checking installable status
139 silly pacote range manifest for pkg-dir@^3.0.0 fetched in 66ms
140 silly resolveWithNewModule pkg-dir@3.0.0 checking installable status
141 http fetch GET 304 https://registry.npmjs.org/locate-path 74ms (from cache)
142 silly pacote range manifest for locate-path@^3.0.0 fetched in 78ms
143 silly resolveWithNewModule locate-path@3.0.0 checking installable status
144 http fetch GET 304 https://registry.npmjs.org/p-locate 71ms (from cache)
145 silly pacote range manifest for p-locate@^3.0.0 fetched in 74ms
146 silly resolveWithNewModule p-locate@3.0.0 checking installable status
147 http fetch GET 304 https://registry.npmjs.org/path-exists 90ms (from cache)
148 silly pacote range manifest for path-exists@^3.0.0 fetched in 94ms
149 silly resolveWithNewModule path-exists@3.0.0 checking installable status
150 http fetch GET 304 https://registry.npmjs.org/p-limit 171ms (from cache)
151 silly pacote range manifest for p-limit@^2.0.0 fetched in 175ms
152 silly resolveWithNewModule p-limit@2.2.1 checking installable status
153 http fetch GET 304 https://registry.npmjs.org/p-try 71ms (from cache)
154 silly pacote range manifest for p-try@^2.0.0 fetched in 80ms
155 silly resolveWithNewModule p-try@2.2.0 checking installable status
156 http fetch GET 200 https://registry.npmjs.org/cross-spawn 63ms
157 http fetch GET 200 https://registry.npmjs.org/cross-spawn/-/cross-spawn-4.0.2.tgz 66ms
158 silly pacote range manifest for cross-spawn@^4 fetched in 133ms
159 silly resolveWithNewModule cross-spawn@4.0.2 checking installable status
160 http fetch GET 200 https://registry.npmjs.org/lru-cache 61ms
161 silly pacote range manifest for lru-cache@^4.0.1 fetched in 66ms
162 silly resolveWithNewModule lru-cache@4.1.5 checking installable status
163 http fetch GET 304 https://registry.npmjs.org/which 97ms (from cache)
164 silly pacote range manifest for which@^1.2.9 fetched in 100ms
165 silly resolveWithNewModule which@1.3.1 checking installable status
166 http fetch GET 200 https://registry.npmjs.org/pseudomap 61ms
167 http fetch GET 200 https://registry.npmjs.org/yallist 62ms
168 silly pacote range manifest for pseudomap@^1.0.2 fetched in 67ms
169 silly resolveWithNewModule pseudomap@1.0.2 checking installable status
170 http fetch GET 200 https://registry.npmjs.org/yallist/-/yallist-2.1.2.tgz 62ms
171 silly pacote range manifest for yallist@^2.1.2 fetched in 127ms
172 silly resolveWithNewModule yallist@2.1.2 checking installable status
173 http fetch GET 304 https://registry.npmjs.org/isexe 71ms (from cache)
174 silly pacote range manifest for isexe@^2.0.0 fetched in 76ms
175 silly resolveWithNewModule isexe@2.0.0 checking installable status
176 http fetch GET 304 https://registry.npmjs.org/fs.realpath 97ms (from cache)
177 http fetch GET 304 https://registry.npmjs.org/inherits 112ms (from cache)
178 http fetch GET 304 https://registry.npmjs.org/inflight 129ms (from cache)
179 http fetch GET 304 https://registry.npmjs.org/once 129ms (from cache)
180 silly pacote range manifest for fs.realpath@^1.0.0 fetched in 148ms
181 silly resolveWithNewModule fs.realpath@1.0.0 checking installable status
182 silly pacote range manifest for inherits@2 fetched in 149ms
183 silly resolveWithNewModule inherits@2.0.4 checking installable status
184 http fetch GET 304 https://registry.npmjs.org/path-is-absolute 150ms (from cache)
185 silly pacote range manifest for inflight@^1.0.4 fetched in 158ms
186 silly resolveWithNewModule inflight@1.0.6 checking installable status
187 silly pacote range manifest for once@^1.3.0 fetched in 166ms
188 silly resolveWithNewModule once@1.4.0 checking installable status
189 silly pacote range manifest for path-is-absolute@^1.0.0 fetched in 180ms
190 silly resolveWithNewModule path-is-absolute@1.0.1 checking installable status
191 http fetch GET 304 https://registry.npmjs.org/minimatch 185ms (from cache)
192 http fetch GET 304 https://registry.npmjs.org/minimatch/-/minimatch-3.0.4.tgz 70ms (from cache)
193 silly pacote range manifest for minimatch@^3.0.4 fetched in 258ms
194 silly resolveWithNewModule minimatch@3.0.4 checking installable status
195 http fetch GET 304 https://registry.npmjs.org/wrappy 67ms (from cache)
196 silly pacote range manifest for wrappy@1 fetched in 72ms
197 silly resolveWithNewModule wrappy@1.0.2 checking installable status
198 http fetch GET 304 https://registry.npmjs.org/brace-expansion 79ms (from cache)
199 silly pacote range manifest for brace-expansion@^1.1.7 fetched in 84ms
200 silly resolveWithNewModule brace-expansion@1.1.11 checking installable status
201 http fetch GET 304 https://registry.npmjs.org/balanced-match 83ms (from cache)
202 silly pacote range manifest for balanced-match@^1.0.0 fetched in 87ms
203 silly resolveWithNewModule balanced-match@1.0.0 checking installable status
204 http fetch GET 304 https://registry.npmjs.org/concat-map 132ms (from cache)
205 silly pacote version manifest for concat-map@0.0.1 fetched in 148ms
206 silly resolveWithNewModule concat-map@0.0.1 checking installable status
207 http fetch GET 200 https://registry.npmjs.org/append-transform 62ms
208 http fetch GET 200 https://registry.npmjs.org/append-transform/-/append-transform-1.0.0.tgz 71ms
209 silly pacote range manifest for append-transform@^1.0.0 fetched in 138ms
210 silly resolveWithNewModule append-transform@1.0.0 checking installable status
211 http fetch GET 200 https://registry.npmjs.org/default-require-extensions 62ms
212 http fetch GET 200 https://registry.npmjs.org/default-require-extensions/-/default-require-extensions-2.0.0.tgz 59ms
213 silly pacote range manifest for default-require-extensions@^2.0.0 fetched in 124ms
214 silly resolveWithNewModule default-require-extensions@2.0.0 checking installable status
215 http fetch GET 200 https://registry.npmjs.org/strip-bom 60ms
216 http fetch GET 200 https://registry.npmjs.org/strip-bom/-/strip-bom-3.0.0.tgz 62ms
217 silly pacote range manifest for strip-bom@^3.0.0 fetched in 125ms
218 silly resolveWithNewModule strip-bom@3.0.0 checking installable status
219 silly pacote range manifest for semver@^6.0.0 fetched in 4ms
220 silly resolveWithNewModule semver@6.3.0 checking installable status
221 http fetch GET 200 https://registry.npmjs.org/@babel%2fparser 91ms
222 http fetch GET 200 https://registry.npmjs.org/@babel%2ftemplate 92ms
223 http fetch GET 200 https://registry.npmjs.org/@babel%2ftypes 93ms
224 http fetch GET 200 https://registry.npmjs.org/@babel%2ftraverse 95ms
225 http fetch GET 200 https://registry.npmjs.org/@babel%2fgenerator 97ms
226 silly pacote range manifest for @babel/parser@^7.4.3 fetched in 104ms
227 silly resolveWithNewModule @babel/parser@7.7.3 checking installable status
228 silly pacote range manifest for @babel/types@^7.4.0 fetched in 104ms
229 silly resolveWithNewModule @babel/types@7.7.2 checking installable status
230 silly pacote range manifest for @babel/generator@^7.4.0 fetched in 105ms
231 silly resolveWithNewModule @babel/generator@7.7.2 checking installable status
232 silly pacote range manifest for @babel/traverse@^7.4.3 fetched in 104ms
233 silly resolveWithNewModule @babel/traverse@7.7.2 checking installable status
234 silly pacote range manifest for @babel/template@^7.4.0 fetched in 104ms
235 silly resolveWithNewModule @babel/template@7.7.0 checking installable status
236 http fetch GET 200 https://registry.npmjs.org/jsesc 63ms
237 http fetch GET 200 https://registry.npmjs.org/source-map 63ms
238 silly pacote range manifest for jsesc@^2.5.1 fetched in 68ms
239 silly resolveWithNewModule jsesc@2.5.2 checking installable status
240 http fetch GET 304 https://registry.npmjs.org/lodash 108ms (from cache)
241 silly pacote range manifest for lodash@^4.17.13 fetched in 112ms
242 silly resolveWithNewModule lodash@4.17.15 checking installable status
243 http fetch GET 200 https://registry.npmjs.org/source-map/-/source-map-0.5.7.tgz 71ms
244 silly pacote range manifest for source-map@^0.5.0 fetched in 137ms
245 silly resolveWithNewModule source-map@0.5.7 checking installable status
246 http fetch GET 200 https://registry.npmjs.org/to-fast-properties 58ms
247 http fetch GET 200 https://registry.npmjs.org/esutils 63ms
248 silly pacote range manifest for esutils@^2.0.2 fetched in 66ms
249 silly resolveWithNewModule esutils@2.0.3 checking installable status
250 http fetch GET 200 https://registry.npmjs.org/to-fast-properties/-/to-fast-properties-2.0.0.tgz 57ms
251 silly pacote range manifest for to-fast-properties@^2.0.0 fetched in 119ms
252 silly resolveWithNewModule to-fast-properties@2.0.0 checking installable status
253 http fetch GET 200 https://registry.npmjs.org/@babel%2fcode-frame 79ms
254 silly pacote range manifest for @babel/code-frame@^7.0.0 fetched in 83ms
255 silly resolveWithNewModule @babel/code-frame@7.5.5 checking installable status
256 http fetch GET 200 https://registry.npmjs.org/@babel%2fhighlight 58ms
257 silly pacote range manifest for @babel/highlight@^7.0.0 fetched in 61ms
258 silly resolveWithNewModule @babel/highlight@7.5.0 checking installable status
259 http fetch GET 200 https://registry.npmjs.org/js-tokens 61ms
260 http fetch GET 304 https://registry.npmjs.org/chalk 99ms (from cache)
261 silly pacote range manifest for chalk@^2.0.0 fetched in 107ms
262 silly resolveWithNewModule chalk@2.4.2 checking installable status
263 http fetch GET 200 https://registry.npmjs.org/js-tokens/-/js-tokens-4.0.0.tgz 60ms
264 silly pacote range manifest for js-tokens@^4.0.0 fetched in 124ms
265 silly resolveWithNewModule js-tokens@4.0.0 checking installable status
266 http fetch GET 304 https://registry.npmjs.org/ansi-styles 69ms (from cache)
267 http fetch GET 304 https://registry.npmjs.org/escape-string-regexp 72ms (from cache)
268 silly pacote range manifest for ansi-styles@^3.2.1 fetched in 83ms
269 silly resolveWithNewModule ansi-styles@3.2.1 checking installable status
270 http fetch GET 304 https://registry.npmjs.org/supports-color 109ms (from cache)
271 silly pacote range manifest for supports-color@^5.3.0 fetched in 114ms
272 silly resolveWithNewModule supports-color@5.5.0 checking installable status
273 http fetch GET 304 https://registry.npmjs.org/escape-string-regexp/-/escape-string-regexp-1.0.5.tgz 84ms (from cache)
274 silly pacote range manifest for escape-string-regexp@^1.0.5 fetched in 158ms
275 silly resolveWithNewModule escape-string-regexp@1.0.5 checking installable status
276 http fetch GET 304 https://registry.npmjs.org/color-convert 72ms (from cache)
277 silly pacote range manifest for color-convert@^1.9.0 fetched in 75ms
278 silly resolveWithNewModule color-convert@1.9.3 checking installable status
279 http fetch GET 304 https://registry.npmjs.org/color-name 74ms (from cache)
280 silly pacote version manifest for color-name@1.1.3 fetched in 78ms
281 silly resolveWithNewModule color-name@1.1.3 checking installable status
282 http fetch GET 304 https://registry.npmjs.org/has-flag 68ms (from cache)
283 silly pacote range manifest for has-flag@^3.0.0 fetched in 71ms
284 silly resolveWithNewModule has-flag@3.0.0 checking installable status
285 http fetch GET 200 https://registry.npmjs.org/globals 66ms
286 http fetch GET 200 https://registry.npmjs.org/@babel%2fhelper-split-export-declaration 68ms
287 silly pacote range manifest for @babel/helper-split-export-declaration@^7.7.0 fetched in 71ms
288 silly resolveWithNewModule @babel/helper-split-export-declaration@7.7.0 checking installable status
289 silly pacote range manifest for globals@^11.1.0 fetched in 71ms
290 silly resolveWithNewModule globals@11.12.0 checking installable status
291 http fetch GET 304 https://registry.npmjs.org/debug 112ms (from cache)
292 http fetch GET 200 https://registry.npmjs.org/@babel%2fhelper-function-name 116ms
293 silly pacote range manifest for debug@^4.1.0 fetched in 116ms
294 silly resolveWithNewModule debug@4.1.1 checking installable status
295 silly pacote range manifest for @babel/helper-function-name@^7.7.0 fetched in 119ms
296 silly resolveWithNewModule @babel/helper-function-name@7.7.0 checking installable status
297 http fetch GET 200 https://registry.npmjs.org/@babel%2fhelper-get-function-arity 65ms
298 silly pacote range manifest for @babel/helper-get-function-arity@^7.7.0 fetched in 68ms
299 silly resolveWithNewModule @babel/helper-get-function-arity@7.7.0 checking installable status
300 http fetch GET 304 https://registry.npmjs.org/ms 71ms (from cache)
301 silly pacote range manifest for ms@^2.1.1 fetched in 74ms
302 silly resolveWithNewModule ms@2.1.2 checking installable status
303 silly pacote range manifest for supports-color@^6.1.0 fetched in 2ms
304 silly resolveWithNewModule supports-color@6.1.0 checking installable status
305 http fetch GET 200 https://registry.npmjs.org/source-map/-/source-map-0.6.1.tgz 85ms
306 silly pacote range manifest for source-map@^0.6.1 fetched in 88ms
307 silly resolveWithNewModule source-map@0.6.1 checking installable status
308 http fetch GET 200 https://registry.npmjs.org/handlebars 65ms
309 silly pacote range manifest for handlebars@^4.1.2 fetched in 71ms
310 silly resolveWithNewModule handlebars@4.5.3 checking installable status
311 silly pacote range manifest for source-map@^0.6.1 fetched in 4ms
312 silly resolveWithNewModule source-map@0.6.1 checking installable status
313 http fetch GET 200 https://registry.npmjs.org/optimist 67ms
314 http fetch GET 200 https://registry.npmjs.org/neo-async 70ms
315 silly pacote range manifest for optimist@^0.6.1 fetched in 73ms
316 silly resolveWithNewModule optimist@0.6.1 checking installable status
317 http fetch GET 200 https://registry.npmjs.org/uglify-js 73ms
318 silly pacote range manifest for neo-async@^2.6.0 fetched in 76ms
319 silly resolveWithNewModule neo-async@2.6.1 checking installable status
320 silly pacote range manifest for uglify-js@^3.1.4 fetched in 78ms
321 silly resolveWithNewModule uglify-js@3.6.9 checking installable status
322 http fetch GET 200 https://registry.npmjs.org/wordwrap 67ms
323 silly pacote range manifest for wordwrap@~0.0.2 fetched in 69ms
324 silly resolveWithNewModule wordwrap@0.0.3 checking installable status
325 http fetch GET 304 https://registry.npmjs.org/minimist 85ms (from cache)
326 http fetch GET 200 https://registry.npmjs.org/minimist/-/minimist-0.0.10.tgz 59ms
327 silly pacote range manifest for minimist@~0.0.1 fetched in 148ms
328 silly resolveWithNewModule minimist@0.0.10 checking installable status
329 silly pacote range manifest for source-map@~0.6.1 fetched in 2ms
330 silly resolveWithNewModule source-map@0.6.1 checking installable status
331 http fetch GET 200 https://registry.npmjs.org/commander 60ms
332 silly pacote range manifest for commander@~2.20.3 fetched in 63ms
333 silly resolveWithNewModule commander@2.20.3 checking installable status
334 http fetch GET 304 https://registry.npmjs.org/argparse 72ms (from cache)
335 silly pacote range manifest for argparse@^1.0.7 fetched in 76ms
336 silly resolveWithNewModule argparse@1.0.10 checking installable status
337 http fetch GET 304 https://registry.npmjs.org/esprima 75ms (from cache)
338 silly pacote range manifest for esprima@^4.0.0 fetched in 89ms
339 silly resolveWithNewModule esprima@4.0.1 checking installable status
340 http fetch GET 304 https://registry.npmjs.org/sprintf-js 76ms (from cache)
341 silly pacote range manifest for sprintf-js@~1.0.2 fetched in 83ms
342 silly resolveWithNewModule sprintf-js@1.0.3 checking installable status
343 silly pacote range manifest for source-map@^0.6.1 fetched in 1ms
344 silly resolveWithNewModule source-map@0.6.1 checking installable status
345 http fetch GET 200 https://registry.npmjs.org/os-homedir 59ms
346 http fetch GET 304 https://registry.npmjs.org/mkdirp 88ms (from cache)
347 http fetch GET 200 https://registry.npmjs.org/os-homedir/-/os-homedir-1.0.2.tgz 58ms
348 silly pacote range manifest for os-homedir@^1.0.1 fetched in 119ms
349 silly resolveWithNewModule os-homedir@1.0.2 checking installable status
350 http fetch GET 304 https://registry.npmjs.org/mkdirp/-/mkdirp-0.5.1.tgz 95ms (from cache)
351 silly pacote range manifest for mkdirp@^0.5.0 fetched in 186ms
352 silly resolveWithNewModule mkdirp@0.5.1 checking installable status
353 silly pacote version manifest for minimist@0.0.8 fetched in 4ms
354 silly resolveWithNewModule minimist@0.0.8 checking installable status
355 http fetch GET 200 https://registry.npmjs.org/read-pkg-up 60ms
356 silly pacote range manifest for read-pkg-up@^4.0.0 fetched in 63ms
357 silly resolveWithNewModule read-pkg-up@4.0.0 checking installable status
358 http fetch GET 304 https://registry.npmjs.org/require-main-filename 79ms (from cache)
359 silly pacote range manifest for require-main-filename@^2.0.0 fetched in 84ms
360 silly resolveWithNewModule require-main-filename@2.0.0 checking installable status
361 http fetch GET 200 https://registry.npmjs.org/read-pkg 62ms
362 http fetch GET 200 https://registry.npmjs.org/read-pkg/-/read-pkg-3.0.0.tgz 65ms
363 silly pacote range manifest for read-pkg@^3.0.0 fetched in 130ms
364 silly resolveWithNewModule read-pkg@3.0.0 checking installable status
365 http fetch GET 200 https://registry.npmjs.org/path-type 61ms
366 http fetch GET 200 https://registry.npmjs.org/normalize-package-data 71ms
367 http fetch GET 200 https://registry.npmjs.org/load-json-file 73ms
368 silly pacote range manifest for normalize-package-data@^2.3.2 fetched in 75ms
369 silly resolveWithNewModule normalize-package-data@2.5.0 checking installable status
370 http fetch GET 200 https://registry.npmjs.org/path-type/-/path-type-3.0.0.tgz 61ms
371 silly pacote range manifest for path-type@^3.0.0 fetched in 125ms
372 silly resolveWithNewModule path-type@3.0.0 checking installable status
373 http fetch GET 200 https://registry.npmjs.org/load-json-file/-/load-json-file-4.0.0.tgz 60ms
374 silly pacote range manifest for load-json-file@^4.0.0 fetched in 136ms
375 silly resolveWithNewModule load-json-file@4.0.0 checking installable status
376 http fetch GET 200 https://registry.npmjs.org/parse-json 67ms
377 http fetch GET 200 https://registry.npmjs.org/pify/-/pify-3.0.0.tgz 70ms
378 silly pacote range manifest for pify@^3.0.0 fetched in 72ms
379 silly resolveWithNewModule pify@3.0.0 checking installable status
380 http fetch GET 200 https://registry.npmjs.org/parse-json/-/parse-json-4.0.0.tgz 60ms
381 silly pacote range manifest for parse-json@^4.0.0 fetched in 131ms
382 silly resolveWithNewModule parse-json@4.0.0 checking installable status
383 http fetch GET 200 https://registry.npmjs.org/json-parse-better-errors 60ms
384 http fetch GET 200 https://registry.npmjs.org/error-ex 62ms
385 silly pacote range manifest for json-parse-better-errors@^1.0.1 fetched in 65ms
386 silly resolveWithNewModule json-parse-better-errors@1.0.2 checking installable status
387 http fetch GET 200 https://registry.npmjs.org/error-ex/-/error-ex-1.3.2.tgz 63ms
388 silly pacote range manifest for error-ex@^1.3.1 fetched in 128ms
389 silly resolveWithNewModule error-ex@1.3.2 checking installable status
390 http fetch GET 200 https://registry.npmjs.org/is-arrayish 61ms
391 silly pacote range manifest for is-arrayish@^0.2.1 fetched in 65ms
392 silly resolveWithNewModule is-arrayish@0.2.1 checking installable status
393 http fetch GET 200 https://registry.npmjs.org/resolve 63ms
394 http fetch GET 200 https://registry.npmjs.org/hosted-git-info 64ms
395 silly pacote range manifest for resolve@^1.10.0 fetched in 67ms
396 silly resolveWithNewModule resolve@1.12.0 checking installable status
397 silly pacote range manifest for hosted-git-info@^2.1.4 fetched in 67ms
398 silly resolveWithNewModule hosted-git-info@2.8.5 checking installable status
399 http fetch GET 200 https://registry.npmjs.org/validate-npm-package-license 75ms
400 silly pacote range manifest for validate-npm-package-license@^3.0.1 fetched in 80ms
401 silly resolveWithNewModule validate-npm-package-license@3.0.4 checking installable status
402 http fetch GET 200 https://registry.npmjs.org/path-parse 73ms
403 silly pacote range manifest for path-parse@^1.0.6 fetched in 76ms
404 silly resolveWithNewModule path-parse@1.0.6 checking installable status
405 http fetch GET 200 https://registry.npmjs.org/spdx-expression-parse 59ms
406 silly pacote range manifest for spdx-expression-parse@^3.0.0 fetched in 63ms
407 silly resolveWithNewModule spdx-expression-parse@3.0.0 checking installable status
408 http fetch GET 200 https://registry.npmjs.org/spdx-correct 66ms
409 silly pacote range manifest for spdx-correct@^3.0.0 fetched in 68ms
410 silly resolveWithNewModule spdx-correct@3.1.0 checking installable status
411 http fetch GET 200 https://registry.npmjs.org/spdx-license-ids 70ms
412 silly pacote range manifest for spdx-license-ids@^3.0.0 fetched in 73ms
413 silly resolveWithNewModule spdx-license-ids@3.0.5 checking installable status
414 http fetch GET 200 https://registry.npmjs.org/spdx-exceptions 58ms
415 silly pacote range manifest for spdx-exceptions@^2.1.0 fetched in 61ms
416 silly resolveWithNewModule spdx-exceptions@2.2.0 checking installable status
417 silly pacote range manifest for pify@^3.0.0 fetched in 2ms
418 silly resolveWithNewModule pify@3.0.0 checking installable status
419 http fetch GET 200 https://registry.npmjs.org/cliui 88ms
420 silly pacote range manifest for cliui@^5.0.0 fetched in 138ms
421 silly resolveWithNewModule cliui@5.0.0 checking installable status
422 http fetch GET 304 https://registry.npmjs.org/y18n 137ms (from cache)
423 http fetch GET 304 https://registry.npmjs.org/which-module 141ms (from cache)
424 silly pacote range manifest for y18n@^4.0.0 fetched in 167ms
425 silly resolveWithNewModule y18n@4.0.0 checking installable status
426 http fetch GET 304 https://registry.npmjs.org/require-directory 169ms (from cache)
427 silly pacote range manifest for which-module@^2.0.0 fetched in 171ms
428 silly resolveWithNewModule which-module@2.0.0 checking installable status
429 http fetch GET 304 https://registry.npmjs.org/set-blocking 173ms (from cache)
430 http fetch GET 304 https://registry.npmjs.org/string-width 189ms (from cache)
431 silly pacote range manifest for require-directory@^2.1.1 fetched in 195ms
432 silly resolveWithNewModule require-directory@2.1.1 checking installable status
433 silly pacote range manifest for set-blocking@^2.0.0 fetched in 200ms
434 silly resolveWithNewModule set-blocking@2.0.0 checking installable status
435 silly pacote range manifest for string-width@^3.0.0 fetched in 217ms
436 silly resolveWithNewModule string-width@3.1.0 checking installable status
437 http fetch GET 304 https://registry.npmjs.org/get-caller-file 218ms (from cache)
438 silly pacote range manifest for get-caller-file@^2.0.1 fetched in 222ms
439 silly resolveWithNewModule get-caller-file@2.0.5 checking installable status
440 http fetch GET 304 https://registry.npmjs.org/wrap-ansi 72ms (from cache)
441 http fetch GET 304 https://registry.npmjs.org/strip-ansi 74ms (from cache)
442 silly pacote range manifest for wrap-ansi@^5.1.0 fetched in 76ms
443 silly resolveWithNewModule wrap-ansi@5.1.0 checking installable status
444 silly pacote range manifest for strip-ansi@^5.2.0 fetched in 83ms
445 silly resolveWithNewModule strip-ansi@5.2.0 checking installable status
446 http fetch GET 304 https://registry.npmjs.org/emoji-regex 76ms (from cache)
447 http fetch GET 304 https://registry.npmjs.org/is-fullwidth-code-point 77ms (from cache)
448 silly pacote range manifest for emoji-regex@^7.0.1 fetched in 80ms
449 silly resolveWithNewModule emoji-regex@7.0.3 checking installable status
450 silly pacote range manifest for is-fullwidth-code-point@^2.0.0 fetched in 86ms
451 silly resolveWithNewModule is-fullwidth-code-point@2.0.0 checking installable status
452 http fetch GET 304 https://registry.npmjs.org/ansi-regex 73ms (from cache)
453 silly pacote range manifest for ansi-regex@^4.1.0 fetched in 77ms
454 silly resolveWithNewModule ansi-regex@4.1.0 checking installable status
455 http fetch GET 304 https://registry.npmjs.org/camelcase 71ms (from cache)
456 silly pacote range manifest for camelcase@^5.0.0 fetched in 75ms
457 silly resolveWithNewModule camelcase@5.3.1 checking installable status
458 http fetch GET 304 https://registry.npmjs.org/decamelize 98ms (from cache)
459 silly pacote range manifest for decamelize@^1.2.0 fetched in 102ms
460 silly resolveWithNewModule decamelize@1.2.0 checking installable status
461 timing stage:loadIdealTree:loadAllDepsIntoIdealTree Completed in 6859ms
462 timing stage:loadIdealTree Completed in 6896ms
463 silly currentTree lib
464 silly idealTree lib
464 silly idealTree └─┬ nyc@14.1.1
464 silly idealTree   ├── @babel/code-frame@7.5.5
464 silly idealTree   ├── @babel/generator@7.7.2
464 silly idealTree   ├── @babel/helper-function-name@7.7.0
464 silly idealTree   ├── @babel/helper-get-function-arity@7.7.0
464 silly idealTree   ├── @babel/helper-split-export-declaration@7.7.0
464 silly idealTree   ├── @babel/highlight@7.5.0
464 silly idealTree   ├── @babel/parser@7.7.3
464 silly idealTree   ├── @babel/template@7.7.0
464 silly idealTree   ├── @babel/traverse@7.7.2
464 silly idealTree   ├── @babel/types@7.7.2
464 silly idealTree   ├── ansi-regex@4.1.0
464 silly idealTree   ├── ansi-styles@3.2.1
464 silly idealTree   ├── append-transform@1.0.0
464 silly idealTree   ├── archy@1.0.0
464 silly idealTree   ├── argparse@1.0.10
464 silly idealTree   ├── balanced-match@1.0.0
464 silly idealTree   ├── brace-expansion@1.1.11
464 silly idealTree   ├── caching-transform@3.0.2
464 silly idealTree   ├── camelcase@5.3.1
464 silly idealTree   ├── chalk@2.4.2
464 silly idealTree   ├── cliui@5.0.0
464 silly idealTree   ├── color-convert@1.9.3
464 silly idealTree   ├── color-name@1.1.3
464 silly idealTree   ├── commander@2.20.3
464 silly idealTree   ├── commondir@1.0.1
464 silly idealTree   ├── concat-map@0.0.1
464 silly idealTree   ├── convert-source-map@1.7.0
464 silly idealTree   ├── cp-file@6.2.0
464 silly idealTree   ├── cross-spawn@4.0.2
464 silly idealTree   ├── debug@4.1.1
464 silly idealTree   ├── decamelize@1.2.0
464 silly idealTree   ├── default-require-extensions@2.0.0
464 silly idealTree   ├── emoji-regex@7.0.3
464 silly idealTree   ├── error-ex@1.3.2
464 silly idealTree   ├── es6-error@4.1.1
464 silly idealTree   ├── escape-string-regexp@1.0.5
464 silly idealTree   ├── esprima@4.0.1
464 silly idealTree   ├── esutils@2.0.3
464 silly idealTree   ├── find-cache-dir@2.1.0
464 silly idealTree   ├── find-up@3.0.0
464 silly idealTree   ├── foreground-child@1.5.6
464 silly idealTree   ├── fs.realpath@1.0.0
464 silly idealTree   ├── get-caller-file@2.0.5
464 silly idealTree   ├── glob@7.1.6
464 silly idealTree   ├── globals@11.12.0
464 silly idealTree   ├── graceful-fs@4.2.3
464 silly idealTree   ├─┬ handlebars@4.5.3
464 silly idealTree   │ └── source-map@0.6.1
464 silly idealTree   ├── has-flag@3.0.0
464 silly idealTree   ├── hasha@3.0.0
464 silly idealTree   ├── hosted-git-info@2.8.5
464 silly idealTree   ├── imurmurhash@0.1.4
464 silly idealTree   ├── inflight@1.0.6
464 silly idealTree   ├── inherits@2.0.4
464 silly idealTree   ├── is-arrayish@0.2.1
464 silly idealTree   ├── is-fullwidth-code-point@2.0.0
464 silly idealTree   ├── is-stream@1.1.0
464 silly idealTree   ├── isexe@2.0.0
464 silly idealTree   ├── istanbul-lib-coverage@2.0.5
464 silly idealTree   ├── istanbul-lib-hook@2.0.7
464 silly idealTree   ├─┬ istanbul-lib-instrument@3.3.0
464 silly idealTree   │ └── semver@6.3.0
464 silly idealTree   ├─┬ istanbul-lib-report@2.0.8
464 silly idealTree   │ └── supports-color@6.1.0
464 silly idealTree   ├─┬ istanbul-lib-source-maps@3.0.6
464 silly idealTree   │ └── source-map@0.6.1
464 silly idealTree   ├── istanbul-reports@2.2.6
464 silly idealTree   ├── js-tokens@4.0.0
464 silly idealTree   ├── js-yaml@3.13.1
464 silly idealTree   ├── jsesc@2.5.2
464 silly idealTree   ├── json-parse-better-errors@1.0.2
464 silly idealTree   ├─┬ load-json-file@4.0.0
464 silly idealTree   │ └── pify@3.0.0
464 silly idealTree   ├── locate-path@3.0.0
464 silly idealTree   ├── lodash.flattendeep@4.4.0
464 silly idealTree   ├── lodash@4.17.15
464 silly idealTree   ├── lru-cache@4.1.5
464 silly idealTree   ├── make-dir@2.1.0
464 silly idealTree   ├─┬ merge-source-map@1.1.0
464 silly idealTree   │ └── source-map@0.6.1
464 silly idealTree   ├── minimatch@3.0.4
464 silly idealTree   ├── minimist@0.0.10
464 silly idealTree   ├─┬ mkdirp@0.5.1
464 silly idealTree   │ └── minimist@0.0.8
464 silly idealTree   ├── ms@2.1.2
464 silly idealTree   ├── neo-async@2.6.1
464 silly idealTree   ├── nested-error-stacks@2.1.0
464 silly idealTree   ├── normalize-package-data@2.5.0
464 silly idealTree   ├── once@1.4.0
464 silly idealTree   ├── optimist@0.6.1
464 silly idealTree   ├── os-homedir@1.0.2
464 silly idealTree   ├── p-limit@2.2.1
464 silly idealTree   ├── p-locate@3.0.0
464 silly idealTree   ├── p-try@2.2.0
464 silly idealTree   ├── package-hash@3.0.0
464 silly idealTree   ├── parse-json@4.0.0
464 silly idealTree   ├── path-exists@3.0.0
464 silly idealTree   ├── path-is-absolute@1.0.1
464 silly idealTree   ├── path-parse@1.0.6
464 silly idealTree   ├─┬ path-type@3.0.0
464 silly idealTree   │ └── pify@3.0.0
464 silly idealTree   ├── pify@4.0.1
464 silly idealTree   ├── pkg-dir@3.0.0
464 silly idealTree   ├── pseudomap@1.0.2
464 silly idealTree   ├── read-pkg-up@4.0.0
464 silly idealTree   ├── read-pkg@3.0.0
464 silly idealTree   ├── release-zalgo@1.0.0
464 silly idealTree   ├── require-directory@2.1.1
464 silly idealTree   ├── require-main-filename@2.0.0
464 silly idealTree   ├── resolve-from@4.0.0
464 silly idealTree   ├── resolve@1.12.0
464 silly idealTree   ├── rimraf@2.7.1
464 silly idealTree   ├── safe-buffer@5.1.2
464 silly idealTree   ├── semver@5.7.1
464 silly idealTree   ├── set-blocking@2.0.0
464 silly idealTree   ├── signal-exit@3.0.2
464 silly idealTree   ├── source-map@0.5.7
464 silly idealTree   ├── spawn-wrap@1.4.3
464 silly idealTree   ├── spdx-correct@3.1.0
464 silly idealTree   ├── spdx-exceptions@2.2.0
464 silly idealTree   ├── spdx-expression-parse@3.0.0
464 silly idealTree   ├── spdx-license-ids@3.0.5
464 silly idealTree   ├── sprintf-js@1.0.3
464 silly idealTree   ├── string-width@3.1.0
464 silly idealTree   ├── strip-ansi@5.2.0
464 silly idealTree   ├── strip-bom@3.0.0
464 silly idealTree   ├── supports-color@5.5.0
464 silly idealTree   ├── test-exclude@5.2.3
464 silly idealTree   ├── to-fast-properties@2.0.0
464 silly idealTree   ├─┬ uglify-js@3.6.9
464 silly idealTree   │ └── source-map@0.6.1
464 silly idealTree   ├── uuid@3.3.3
464 silly idealTree   ├── validate-npm-package-license@3.0.4
464 silly idealTree   ├── which-module@2.0.0
464 silly idealTree   ├── which@1.3.1
464 silly idealTree   ├── wordwrap@0.0.3
464 silly idealTree   ├── wrap-ansi@5.1.0
464 silly idealTree   ├── wrappy@1.0.2
464 silly idealTree   ├── write-file-atomic@2.4.3
464 silly idealTree   ├── y18n@4.0.0
464 silly idealTree   ├── yallist@2.1.2
464 silly idealTree   ├── yargs-parser@13.1.1
464 silly idealTree   └── yargs@13.3.0
465 silly install generateActionsToTake
466 warn checkPermissions Missing write access to /usr/local/lib/node_modules
467 timing stage:rollbackFailedOptional Completed in 4ms
468 timing stage:runTopLevelLifecycles Completed in 7290ms
469 verbose stack Error: EACCES: permission denied, access '/usr/local/lib/node_modules'
470 verbose cwd /Users/step14
471 verbose Darwin 19.0.0
472 verbose argv "/usr/local/bin/node" "/usr/local/bin/npm" "install" "-g" "nyc"
473 verbose node v10.16.3
474 verbose npm  v6.9.0
475 error path /usr/local/lib/node_modules
476 error code EACCES
477 error errno -13
478 error syscall access
479 error Error: EACCES: permission denied, access '/usr/local/lib/node_modules'
479 error  { [Error: EACCES: permission denied, access '/usr/local/lib/node_modules']
479 error   stack:
479 error    'Error: EACCES: permission denied, access \'/usr/local/lib/node_modules\'',
479 error   errno: -13,
479 error   code: 'EACCES',
479 error   syscall: 'access',
479 error   path: '/usr/local/lib/node_modules' }
480 error The operation was rejected by your operating system.
480 error It is likely you do not have the permissions to access this file as the current user
480 error
480 error If you believe this might be a permissions issue, please double-check the
480 error permissions of the file and its containing directories, or try running
480 error the command again as root/Administrator (though this is not recommended).
481 verbose exit [ -13, true ]
