0 info it worked if it ends with ok
1 verbose cli [ '/usr/local/bin/node', '/usr/local/bin/npm', 'start' ]
2 info using npm@6.9.0
3 info using node@v10.16.3
4 verbose run-script [ 'prestart', 'start', 'poststart' ]
5 info lifecycle bestfriendsinfo_js@1.0.0~prestart: bestfriendsinfo_js@1.0.0
6 info lifecycle bestfriendsinfo_js@1.0.0~start: bestfriendsinfo_js@1.0.0
7 verbose lifecycle bestfriendsinfo_js@1.0.0~start: unsafe-perm in lifecycle true
8 verbose lifecycle bestfriendsinfo_js@1.0.0~start: PATH: /usr/local/lib/node_modules/npm/node_modules/npm-lifecycle/node-gyp-bin:/Users/step14/work/all_js/workWithTest_js/bestFriendsInfo_js/node_modules/.bin:/Users/step14/bin:/usr/local/bin:/usr/local/bin:/usr/bin:/bin:/usr/sbin:/sbin:/Users/step14/bin:/Users/step14/.fzf/bin:/Users/step14/bin
9 verbose lifecycle bestfriendsinfo_js@1.0.0~start: CWD: /Users/step14/work/all_js/workWithTest_js/bestFriendsInfo_js
10 silly lifecycle bestfriendsinfo_js@1.0.0~start: Args: [ '-c', 'node getBestFriendsInfo.js Ragini' ]
11 silly lifecycle bestfriendsinfo_js@1.0.0~start: Returned: code: 1  signal: null
12 info lifecycle bestfriendsinfo_js@1.0.0~start: Failed to exec start script
13 verbose stack Error: bestfriendsinfo_js@1.0.0 start: `node getBestFriendsInfo.js Ragini`
13 verbose stack Exit status 1
13 verbose stack     at EventEmitter.<anonymous> (/usr/local/lib/node_modules/npm/node_modules/npm-lifecycle/index.js:301:16)
13 verbose stack     at EventEmitter.emit (events.js:198:13)
13 verbose stack     at ChildProcess.<anonymous> (/usr/local/lib/node_modules/npm/node_modules/npm-lifecycle/lib/spawn.js:55:14)
13 verbose stack     at ChildProcess.emit (events.js:198:13)
13 verbose stack     at maybeClose (internal/child_process.js:982:16)
13 verbose stack     at Process.ChildProcess._handle.onexit (internal/child_process.js:259:5)
14 verbose pkgid bestfriendsinfo_js@1.0.0
15 verbose cwd /Users/step14/work/all_js/workWithTest_js/bestFriendsInfo_js
16 verbose Darwin 19.0.0
17 verbose argv "/usr/local/bin/node" "/usr/local/bin/npm" "start"
18 verbose node v10.16.3
19 verbose npm  v6.9.0
20 error code ELIFECYCLE
21 error errno 1
22 error bestfriendsinfo_js@1.0.0 start: `node getBestFriendsInfo.js Ragini`
22 error Exit status 1
23 error Failed at the bestfriendsinfo_js@1.0.0 start script.
23 error This is probably not a problem with npm. There is likely additional logging output above.
24 verbose exit [ 1, true ]
