0 info it worked if it ends with ok
1 verbose cli [ '/usr/local/bin/node', '/usr/local/bin/npm', 'run', 'lint' ]
2 info using npm@6.13.4
3 info using node@v12.16.1
4 verbose run-script [ 'prelint', 'lint', 'postlint' ]
5 info lifecycle softwaresamurai-settlers@1.0.0~prelint: softwaresamurai-settlers@1.0.0
6 info lifecycle softwaresamurai-settlers@1.0.0~lint: softwaresamurai-settlers@1.0.0
7 verbose lifecycle softwaresamurai-settlers@1.0.0~lint: unsafe-perm in lifecycle true
8 verbose lifecycle softwaresamurai-settlers@1.0.0~lint: PATH: /usr/local/lib/node_modules/npm/node_modules/npm-lifecycle/node-gyp-bin:/Users/step14/work/all_js/projects/softwareSamurai-settlers/node_modules/.bin:/Users/step14/bin:/usr/local/bin:/usr/local/bin:/usr/bin:/bin:/usr/sbin:/sbin:/Users/step14/bin:/Users/step14/.fzf/bin
9 verbose lifecycle softwaresamurai-settlers@1.0.0~lint: CWD: /Users/step14/work/all_js/projects/softwareSamurai-settlers
10 silly lifecycle softwaresamurai-settlers@1.0.0~lint: Args: [ '-c', 'npx eslint .' ]
11 silly lifecycle softwaresamurai-settlers@1.0.0~lint: Returned: code: 1  signal: null
12 info lifecycle softwaresamurai-settlers@1.0.0~lint: Failed to exec lint script
13 verbose stack Error: softwaresamurai-settlers@1.0.0 lint: `npx eslint .`
13 verbose stack Exit status 1
13 verbose stack     at EventEmitter.<anonymous> (/usr/local/lib/node_modules/npm/node_modules/npm-lifecycle/index.js:332:16)
13 verbose stack     at EventEmitter.emit (events.js:311:20)
13 verbose stack     at ChildProcess.<anonymous> (/usr/local/lib/node_modules/npm/node_modules/npm-lifecycle/lib/spawn.js:55:14)
13 verbose stack     at ChildProcess.emit (events.js:311:20)
13 verbose stack     at maybeClose (internal/child_process.js:1021:16)
13 verbose stack     at Process.ChildProcess._handle.onexit (internal/child_process.js:286:5)
14 verbose pkgid softwaresamurai-settlers@1.0.0
15 verbose cwd /Users/step14/work/all_js/projects/softwareSamurai-settlers
16 verbose Darwin 19.0.0
17 verbose argv "/usr/local/bin/node" "/usr/local/bin/npm" "run" "lint"
18 verbose node v12.16.1
19 verbose npm  v6.13.4
20 error code ELIFECYCLE
21 error errno 1
22 error softwaresamurai-settlers@1.0.0 lint: `npx eslint .`
22 error Exit status 1
23 error Failed at the softwaresamurai-settlers@1.0.0 lint script.
23 error This is probably not a problem with npm. There is likely additional logging output above.
24 verbose exit [ 1, true ]
