0 info it worked if it ends with ok
1 verbose cli [ '/usr/local/bin/node', '/usr/local/bin/npm', 'start' ]
2 info using npm@6.13.4
3 info using node@v12.16.1
4 verbose run-script [ 'prestart', 'start', 'poststart' ]
5 info lifecycle pokemon@0.1.0~prestart: pokemon@0.1.0
6 info lifecycle pokemon@0.1.0~start: pokemon@0.1.0
7 verbose lifecycle pokemon@0.1.0~start: unsafe-perm in lifecycle true
8 verbose lifecycle pokemon@0.1.0~start: PATH: /usr/local/lib/node_modules/npm/node_modules/npm-lifecycle/node-gyp-bin:/Users/step14/work/react_js/jsx/pokemon/node_modules/.bin:/Users/step14/bin:/usr/local/bin:/usr/local/bin:/usr/bin:/bin:/usr/sbin:/sbin:/Users/step14/bin:/Users/step14/.fzf/bin
9 verbose lifecycle pokemon@0.1.0~start: CWD: /Users/step14/work/react_js/jsx/pokemon
10 silly lifecycle pokemon@0.1.0~start: Args: [ '-c', 'react-scripts start' ]
11 silly lifecycle pokemon@0.1.0~start: Returned: code: 1  signal: null
12 info lifecycle pokemon@0.1.0~start: Failed to exec start script
13 verbose stack Error: pokemon@0.1.0 start: `react-scripts start`
13 verbose stack Exit status 1
13 verbose stack     at EventEmitter.<anonymous> (/usr/local/lib/node_modules/npm/node_modules/npm-lifecycle/index.js:332:16)
13 verbose stack     at EventEmitter.emit (events.js:311:20)
13 verbose stack     at ChildProcess.<anonymous> (/usr/local/lib/node_modules/npm/node_modules/npm-lifecycle/lib/spawn.js:55:14)
13 verbose stack     at ChildProcess.emit (events.js:311:20)
13 verbose stack     at maybeClose (internal/child_process.js:1021:16)
13 verbose stack     at Process.ChildProcess._handle.onexit (internal/child_process.js:286:5)
14 verbose pkgid pokemon@0.1.0
15 verbose cwd /Users/step14/work/react_js/jsx/pokemon
16 verbose Darwin 19.6.0
17 verbose argv "/usr/local/bin/node" "/usr/local/bin/npm" "start"
18 verbose node v12.16.1
19 verbose npm  v6.13.4
20 error code ELIFECYCLE
21 error errno 1
22 error pokemon@0.1.0 start: `react-scripts start`
22 error Exit status 1
23 error Failed at the pokemon@0.1.0 start script.
23 error This is probably not a problem with npm. There is likely additional logging output above.
24 verbose exit [ 1, true ]
