0 info it worked if it ends with ok
1 verbose cli [ '/usr/local/bin/node', '/usr/local/bin/npm', 'start' ]
2 info using npm@6.13.4
3 info using node@v12.16.1
4 verbose run-script [ 'prestart', 'start', 'poststart' ]
5 info lifecycle tweeter@1.0.0~prestart: tweeter@1.0.0
6 info lifecycle tweeter@1.0.0~start: tweeter@1.0.0
7 verbose lifecycle tweeter@1.0.0~start: unsafe-perm in lifecycle true
8 verbose lifecycle tweeter@1.0.0~start: PATH: /usr/local/lib/node_modules/npm/node_modules/npm-lifecycle/node-gyp-bin:/Users/step14/work/all_js/step-birds/node_modules/.bin:/Users/step14/bin:/usr/local/bin:/usr/local/bin:/usr/bin:/bin:/usr/sbin:/sbin:/Users/step14/bin:/Users/step14/.fzf/bin:/Users/step14/bin
9 verbose lifecycle tweeter@1.0.0~start: CWD: /Users/step14/work/all_js/step-birds
10 silly lifecycle tweeter@1.0.0~start: Args: [ '-c', 'sass --no-source-map ./sass:./public/css & node server.js' ]
11 silly lifecycle tweeter@1.0.0~start: Returned: code: 1  signal: null
12 info lifecycle tweeter@1.0.0~start: Failed to exec start script
13 verbose stack Error: tweeter@1.0.0 start: `sass --no-source-map ./sass:./public/css & node server.js`
13 verbose stack Exit status 1
13 verbose stack     at EventEmitter.<anonymous> (/usr/local/lib/node_modules/npm/node_modules/npm-lifecycle/index.js:332:16)
13 verbose stack     at EventEmitter.emit (events.js:311:20)
13 verbose stack     at ChildProcess.<anonymous> (/usr/local/lib/node_modules/npm/node_modules/npm-lifecycle/lib/spawn.js:55:14)
13 verbose stack     at ChildProcess.emit (events.js:311:20)
13 verbose stack     at maybeClose (internal/child_process.js:1021:16)
13 verbose stack     at Process.ChildProcess._handle.onexit (internal/child_process.js:286:5)
14 verbose pkgid tweeter@1.0.0
15 verbose cwd /Users/step14/work/all_js/step-birds
16 verbose Darwin 19.6.0
17 verbose argv "/usr/local/bin/node" "/usr/local/bin/npm" "start"
18 verbose node v12.16.1
19 verbose npm  v6.13.4
20 error code ELIFECYCLE
21 error errno 1
22 error tweeter@1.0.0 start: `sass --no-source-map ./sass:./public/css & node server.js`
22 error Exit status 1
23 error Failed at the tweeter@1.0.0 start script.
23 error This is probably not a problem with npm. There is likely additional logging output above.
24 verbose exit [ 1, true ]
